<?xml version="1.0" encoding="UTF-8"?>
<!-- Generated by org.testng.reporters.JUnitReportReporter -->
<testsuite skipped="0" hostname="rrt" name="Datataprovider" tests="7" failures="0" timestamp="29 Jan 2017 00:40:24 GMT" time="0.031" errors="0">
  <testcase name="login" time="0.015" classname="Datataprovider"/>
  <testcase name="login" time="0.016" classname="Datataprovider"/>
  <testcase name="login" time="0.000" classname="Datataprovider"/>
  <testcase name="login" time="0.000" classname="Datataprovider"/>
  <testcase name="login" time="0.000" classname="Datataprovider"/>
  <testcase name="login" time="0.000" classname="Datataprovider"/>
  <testcase name="login" time="0.000" classname="Datataprovider"/>
</testsuite> <!-- Datataprovider -->
